#! /usr/bin/vvp
:ivl_version "10.3 (stable)";
:ivl_delay_selection "TYPICAL";
:vpi_time_precision - 12;
:vpi_module "system";
:vpi_module "vhdl_sys";
:vpi_module "v2005_math";
:vpi_module "va_math";
S_0x558589c4bac0 .scope module, "top" "top" 2 2;
 .timescale -9 -12;
v0x558589c5f6d0_0 .var "clk", 0 0;
v0x558589c5f770_0 .net "led", 0 0, v0x558589c5f3c0_0;  1 drivers
v0x558589c5f840_0 .var "rst", 0 0;
S_0x558589c4bc40 .scope module, "b" "led_weak_strong_weak" 2 8, 3 1 0, S_0x558589c4bac0;
 .timescale 0 0;
    .port_info 0 /INPUT 1 "clk"
    .port_info 1 /INPUT 1 "rst"
    .port_info 2 /OUTPUT 1 "led"
v0x558589c48860_0 .net "clk", 0 0, v0x558589c5f6d0_0;  1 drivers
v0x558589c5f2e0_0 .var "cnt", 24 0;
v0x558589c5f3c0_0 .var "led", 0 0;
v0x558589c5f460_0 .net "rst", 0 0, v0x558589c5f840_0;  1 drivers
v0x558589c5f520_0 .var "state", 5 0;
E_0x558589c435e0 .event posedge, v0x558589c48860_0;
    .scope S_0x558589c4bc40;
T_0 ;
    %wait E_0x558589c435e0;
    %load/vec4 v0x558589c5f2e0_0;
    %cmpi/e 105000, 0, 25;
    %jmp/0xz  T_0.0, 4;
    %pushi/vec4 0, 0, 25;
    %assign/vec4 v0x558589c5f2e0_0, 0;
    %load/vec4 v0x558589c5f520_0;
    %addi 1, 0, 6;
    %assign/vec4 v0x558589c5f520_0, 0;
    %jmp T_0.1;
T_0.0 ;
    %load/vec4 v0x558589c5f520_0;
    %cmpi/e 32, 0, 6;
    %jmp/0xz  T_0.2, 4;
    %pushi/vec4 0, 0, 6;
    %assign/vec4 v0x558589c5f520_0, 0;
    %jmp T_0.3;
T_0.2 ;
    %load/vec4 v0x558589c5f2e0_0;
    %addi 1, 0, 25;
    %assign/vec4 v0x558589c5f2e0_0, 0;
T_0.3 ;
T_0.1 ;
    %jmp T_0;
    .thread T_0;
    .scope S_0x558589c4bc40;
T_1 ;
    %wait E_0x558589c435e0;
    %load/vec4 v0x558589c5f460_0;
    %flag_set/vec4 8;
    %jmp/0xz  T_1.0, 8;
    %pushi/vec4 0, 0, 1;
    %assign/vec4 v0x558589c5f3c0_0, 0;
    %pushi/vec4 0, 0, 6;
    %assign/vec4 v0x558589c5f520_0, 0;
    %pushi/vec4 0, 0, 25;
    %assign/vec4 v0x558589c5f2e0_0, 0;
    %jmp T_1.1;
T_1.0 ;
    %load/vec4 v0x558589c5f520_0;
    %dup/vec4;
    %pushi/vec4 0, 0, 6;
    %cmp/u;
    %jmp/1 T_1.2, 6;
    %dup/vec4;
    %pushi/vec4 1, 0, 6;
    %cmp/u;
    %jmp/1 T_1.3, 6;
    %dup/vec4;
    %pushi/vec4 2, 0, 6;
    %cmp/u;
    %jmp/1 T_1.4, 6;
    %dup/vec4;
    %pushi/vec4 3, 0, 6;
    %cmp/u;
    %jmp/1 T_1.5, 6;
    %dup/vec4;
    %pushi/vec4 4, 0, 6;
    %cmp/u;
    %jmp/1 T_1.6, 6;
    %dup/vec4;
    %pushi/vec4 5, 0, 6;
    %cmp/u;
    %jmp/1 T_1.7, 6;
    %dup/vec4;
    %pushi/vec4 6, 0, 6;
    %cmp/u;
    %jmp/1 T_1.8, 6;
    %dup/vec4;
    %pushi/vec4 7, 0, 6;
    %cmp/u;
    %jmp/1 T_1.9, 6;
    %dup/vec4;
    %pushi/vec4 8, 0, 6;
    %cmp/u;
    %jmp/1 T_1.10, 6;
    %dup/vec4;
    %pushi/vec4 9, 0, 6;
    %cmp/u;
    %jmp/1 T_1.11, 6;
    %dup/vec4;
    %pushi/vec4 10, 0, 6;
    %cmp/u;
    %jmp/1 T_1.12, 6;
    %dup/vec4;
    %pushi/vec4 11, 0, 6;
    %cmp/u;
    %jmp/1 T_1.13, 6;
    %dup/vec4;
    %pushi/vec4 12, 0, 6;
    %cmp/u;
    %jmp/1 T_1.14, 6;
    %dup/vec4;
    %pushi/vec4 13, 0, 6;
    %cmp/u;
    %jmp/1 T_1.15, 6;
    %dup/vec4;
    %pushi/vec4 14, 0, 6;
    %cmp/u;
    %jmp/1 T_1.16, 6;
    %dup/vec4;
    %pushi/vec4 15, 0, 6;
    %cmp/u;
    %jmp/1 T_1.17, 6;
    %dup/vec4;
    %pushi/vec4 16, 0, 6;
    %cmp/u;
    %jmp/1 T_1.18, 6;
    %dup/vec4;
    %pushi/vec4 17, 0, 6;
    %cmp/u;
    %jmp/1 T_1.19, 6;
    %dup/vec4;
    %pushi/vec4 18, 0, 6;
    %cmp/u;
    %jmp/1 T_1.20, 6;
    %dup/vec4;
    %pushi/vec4 19, 0, 6;
    %cmp/u;
    %jmp/1 T_1.21, 6;
    %dup/vec4;
    %pushi/vec4 20, 0, 6;
    %cmp/u;
    %jmp/1 T_1.22, 6;
    %dup/vec4;
    %pushi/vec4 21, 0, 6;
    %cmp/u;
    %jmp/1 T_1.23, 6;
    %dup/vec4;
    %pushi/vec4 22, 0, 6;
    %cmp/u;
    %jmp/1 T_1.24, 6;
    %dup/vec4;
    %pushi/vec4 23, 0, 6;
    %cmp/u;
    %jmp/1 T_1.25, 6;
    %dup/vec4;
    %pushi/vec4 24, 0, 6;
    %cmp/u;
    %jmp/1 T_1.26, 6;
    %dup/vec4;
    %pushi/vec4 25, 0, 6;
    %cmp/u;
    %jmp/1 T_1.27, 6;
    %dup/vec4;
    %pushi/vec4 26, 0, 6;
    %cmp/u;
    %jmp/1 T_1.28, 6;
    %dup/vec4;
    %pushi/vec4 27, 0, 6;
    %cmp/u;
    %jmp/1 T_1.29, 6;
    %dup/vec4;
    %pushi/vec4 28, 0, 6;
    %cmp/u;
    %jmp/1 T_1.30, 6;
    %dup/vec4;
    %pushi/vec4 29, 0, 6;
    %cmp/u;
    %jmp/1 T_1.31, 6;
    %dup/vec4;
    %pushi/vec4 30, 0, 6;
    %cmp/u;
    %jmp/1 T_1.32, 6;
    %dup/vec4;
    %pushi/vec4 31, 0, 6;
    %cmp/u;
    %jmp/1 T_1.33, 6;
    %pushi/vec4 1, 0, 1;
    %assign/vec4 v0x558589c5f3c0_0, 0;
    %jmp T_1.35;
T_1.2 ;
    %pushi/vec4 1, 0, 1;
    %assign/vec4 v0x558589c5f3c0_0, 0;
    %jmp T_1.35;
T_1.3 ;
    %pushi/vec4 0, 0, 1;
    %assign/vec4 v0x558589c5f3c0_0, 0;
    %jmp T_1.35;
T_1.4 ;
    %pushi/vec4 0, 0, 1;
    %assign/vec4 v0x558589c5f3c0_0, 0;
    %jmp T_1.35;
T_1.5 ;
    %pushi/vec4 0, 0, 1;
    %assign/vec4 v0x558589c5f3c0_0, 0;
    %jmp T_1.35;
T_1.6 ;
    %pushi/vec4 1, 0, 1;
    %assign/vec4 v0x558589c5f3c0_0, 0;
    %jmp T_1.35;
T_1.7 ;
    %pushi/vec4 1, 0, 1;
    %assign/vec4 v0x558589c5f3c0_0, 0;
    %jmp T_1.35;
T_1.8 ;
    %pushi/vec4 0, 0, 1;
    %assign/vec4 v0x558589c5f3c0_0, 0;
    %jmp T_1.35;
T_1.9 ;
    %pushi/vec4 0, 0, 1;
    %assign/vec4 v0x558589c5f3c0_0, 0;
    %jmp T_1.35;
T_1.10 ;
    %pushi/vec4 1, 0, 1;
    %assign/vec4 v0x558589c5f3c0_0, 0;
    %jmp T_1.35;
T_1.11 ;
    %pushi/vec4 1, 0, 1;
    %assign/vec4 v0x558589c5f3c0_0, 0;
    %jmp T_1.35;
T_1.12 ;
    %pushi/vec4 1, 0, 1;
    %assign/vec4 v0x558589c5f3c0_0, 0;
    %jmp T_1.35;
T_1.13 ;
    %pushi/vec4 0, 0, 1;
    %assign/vec4 v0x558589c5f3c0_0, 0;
    %jmp T_1.35;
T_1.14 ;
    %pushi/vec4 1, 0, 1;
    %assign/vec4 v0x558589c5f3c0_0, 0;
    %jmp T_1.35;
T_1.15 ;
    %pushi/vec4 1, 0, 1;
    %assign/vec4 v0x558589c5f3c0_0, 0;
    %jmp T_1.35;
T_1.16 ;
    %pushi/vec4 1, 0, 1;
    %assign/vec4 v0x558589c5f3c0_0, 0;
    %jmp T_1.35;
T_1.17 ;
    %pushi/vec4 1, 0, 1;
    %assign/vec4 v0x558589c5f3c0_0, 0;
    %jmp T_1.35;
T_1.18 ;
    %pushi/vec4 1, 0, 1;
    %assign/vec4 v0x558589c5f3c0_0, 0;
    %jmp T_1.35;
T_1.19 ;
    %pushi/vec4 1, 0, 1;
    %assign/vec4 v0x558589c5f3c0_0, 0;
    %jmp T_1.35;
T_1.20 ;
    %pushi/vec4 1, 0, 1;
    %assign/vec4 v0x558589c5f3c0_0, 0;
    %jmp T_1.35;
T_1.21 ;
    %pushi/vec4 0, 0, 1;
    %assign/vec4 v0x558589c5f3c0_0, 0;
    %jmp T_1.35;
T_1.22 ;
    %pushi/vec4 1, 0, 1;
    %assign/vec4 v0x558589c5f3c0_0, 0;
    %jmp T_1.35;
T_1.23 ;
    %pushi/vec4 1, 0, 1;
    %assign/vec4 v0x558589c5f3c0_0, 0;
    %jmp T_1.35;
T_1.24 ;
    %pushi/vec4 0, 0, 1;
    %assign/vec4 v0x558589c5f3c0_0, 0;
    %jmp T_1.35;
T_1.25 ;
    %pushi/vec4 0, 0, 1;
    %assign/vec4 v0x558589c5f3c0_0, 0;
    %jmp T_1.35;
T_1.26 ;
    %pushi/vec4 1, 0, 1;
    %assign/vec4 v0x558589c5f3c0_0, 0;
    %jmp T_1.35;
T_1.27 ;
    %pushi/vec4 0, 0, 1;
    %assign/vec4 v0x558589c5f3c0_0, 0;
    %jmp T_1.35;
T_1.28 ;
    %pushi/vec4 0, 0, 1;
    %assign/vec4 v0x558589c5f3c0_0, 0;
    %jmp T_1.35;
T_1.29 ;
    %pushi/vec4 0, 0, 1;
    %assign/vec4 v0x558589c5f3c0_0, 0;
    %jmp T_1.35;
T_1.30 ;
    %pushi/vec4 0, 0, 1;
    %assign/vec4 v0x558589c5f3c0_0, 0;
    %jmp T_1.35;
T_1.31 ;
    %pushi/vec4 0, 0, 1;
    %assign/vec4 v0x558589c5f3c0_0, 0;
    %jmp T_1.35;
T_1.32 ;
    %pushi/vec4 0, 0, 1;
    %assign/vec4 v0x558589c5f3c0_0, 0;
    %jmp T_1.35;
T_1.33 ;
    %pushi/vec4 0, 0, 1;
    %assign/vec4 v0x558589c5f3c0_0, 0;
    %jmp T_1.35;
T_1.35 ;
    %pop/vec4 1;
T_1.1 ;
    %jmp T_1;
    .thread T_1;
    .scope S_0x558589c4bac0;
T_2 ;
    %vpi_call 2 11 "$dumpfile", "v.vcd" {0 0 0};
    %vpi_call 2 12 "$dumpvars" {0 0 0};
    %end;
    .thread T_2;
    .scope S_0x558589c4bac0;
T_3 ;
    %pushi/vec4 0, 0, 1;
    %store/vec4 v0x558589c5f6d0_0, 0, 1;
    %pushi/vec4 0, 0, 1;
    %store/vec4 v0x558589c5f840_0, 0, 1;
    %end;
    .thread T_3;
    .scope S_0x558589c4bac0;
T_4 ;
    %delay 1000, 0;
    %load/vec4 v0x558589c5f6d0_0;
    %inv;
    %store/vec4 v0x558589c5f6d0_0, 0, 1;
    %jmp T_4;
    .thread T_4;
    .scope S_0x558589c4bac0;
T_5 ;
    %delay 100000, 0;
    %vpi_call 2 24 "$display", "%d", v0x558589c5f770_0 {0 0 0};
    %vpi_call 2 25 "$finish" {0 0 0};
    %end;
    .thread T_5;
# The file index is used to find the file name in the following table.
:file_names 4;
    "N/A";
    "<interactive>";
    "tb.v";
    "led_weak_strong_weak.v";
