#! /usr/bin/vvp
:ivl_version "10.3 (stable)";
:ivl_delay_selection "TYPICAL";
:vpi_time_precision - 10;
:vpi_module "system";
:vpi_module "vhdl_sys";
:vpi_module "v2005_math";
:vpi_module "va_math";
S_0x5627bf168660 .scope module, "top" "top" 2 2;
 .timescale -8 -10;
v0x5627bf17fc00_0 .var "clk", 0 0;
v0x5627bf17fcc0_0 .net "detect", 0 0, v0x5627bf142720_0;  1 drivers
o0x7f3671e20078 .functor BUFZ 1, C4<z>; HiZ drive
v0x5627bf17fd90_0 .net "ibits", 0 0, o0x7f3671e20078;  0 drivers
v0x5627bf17fe90_0 .var "inbits", 0 0;
v0x5627bf17ff30_0 .var "reset", 0 0;
S_0x5627bf1687e0 .scope module, "pd" "pair_detect" 2 49, 3 1 0, S_0x5627bf168660;
 .timescale 0 0;
    .port_info 0 /INPUT 1 "clk"
    .port_info 1 /INPUT 1 "inbits"
    .port_info 2 /OUTPUT 1 "detect"
    .port_info 3 /INPUT 1 "reset"
v0x5627bf142620_0 .net "clk", 0 0, v0x5627bf17fc00_0;  1 drivers
v0x5627bf142720_0 .var "detect", 0 0;
v0x5627bf17f8f0_0 .net "inbits", 0 0, o0x7f3671e20078;  alias, 0 drivers
v0x5627bf17f990_0 .net "reset", 0 0, v0x5627bf17ff30_0;  1 drivers
v0x5627bf17fa50_0 .var "state", 1 0;
E_0x5627bf12f9a0 .event posedge, v0x5627bf17f990_0, v0x5627bf142620_0;
    .scope S_0x5627bf1687e0;
T_0 ;
    %pushi/vec4 0, 0, 2;
    %store/vec4 v0x5627bf17fa50_0, 0, 2;
    %end;
    .thread T_0;
    .scope S_0x5627bf1687e0;
T_1 ;
    %wait E_0x5627bf12f9a0;
    %load/vec4 v0x5627bf17f990_0;
    %flag_set/vec4 8;
    %jmp/0xz  T_1.0, 8;
    %pushi/vec4 0, 0, 2;
    %assign/vec4 v0x5627bf17fa50_0, 0;
    %jmp T_1.1;
T_1.0 ;
    %load/vec4 v0x5627bf17fa50_0;
    %dup/vec4;
    %pushi/vec4 0, 0, 2;
    %cmp/u;
    %jmp/1 T_1.2, 6;
    %dup/vec4;
    %pushi/vec4 1, 0, 2;
    %cmp/u;
    %jmp/1 T_1.3, 6;
    %dup/vec4;
    %pushi/vec4 2, 0, 2;
    %cmp/u;
    %jmp/1 T_1.4, 6;
    %dup/vec4;
    %pushi/vec4 3, 0, 2;
    %cmp/u;
    %jmp/1 T_1.5, 6;
    %jmp T_1.6;
T_1.2 ;
    %load/vec4 v0x5627bf17f8f0_0;
    %flag_set/vec4 8;
    %jmp/0xz  T_1.7, 8;
    %pushi/vec4 1, 0, 2;
    %assign/vec4 v0x5627bf17fa50_0, 0;
    %jmp T_1.8;
T_1.7 ;
    %pushi/vec4 2, 0, 2;
    %assign/vec4 v0x5627bf17fa50_0, 0;
T_1.8 ;
    %jmp T_1.6;
T_1.3 ;
    %load/vec4 v0x5627bf17f8f0_0;
    %flag_set/vec4 8;
    %jmp/0xz  T_1.9, 8;
    %pushi/vec4 3, 0, 2;
    %assign/vec4 v0x5627bf17fa50_0, 0;
    %jmp T_1.10;
T_1.9 ;
    %pushi/vec4 2, 0, 2;
    %assign/vec4 v0x5627bf17fa50_0, 0;
T_1.10 ;
    %jmp T_1.6;
T_1.4 ;
    %load/vec4 v0x5627bf17f8f0_0;
    %flag_set/vec4 8;
    %jmp/0xz  T_1.11, 8;
    %pushi/vec4 1, 0, 2;
    %assign/vec4 v0x5627bf17fa50_0, 0;
    %jmp T_1.12;
T_1.11 ;
    %pushi/vec4 3, 0, 2;
    %assign/vec4 v0x5627bf17fa50_0, 0;
T_1.12 ;
    %jmp T_1.6;
T_1.5 ;
    %load/vec4 v0x5627bf17f8f0_0;
    %flag_set/vec4 8;
    %jmp/0xz  T_1.13, 8;
    %pushi/vec4 1, 0, 2;
    %assign/vec4 v0x5627bf17fa50_0, 0;
    %jmp T_1.14;
T_1.13 ;
    %pushi/vec4 2, 0, 2;
    %assign/vec4 v0x5627bf17fa50_0, 0;
T_1.14 ;
    %jmp T_1.6;
T_1.6 ;
    %pop/vec4 1;
T_1.1 ;
    %jmp T_1;
    .thread T_1;
    .scope S_0x5627bf1687e0;
T_2 ;
    %wait E_0x5627bf12f9a0;
    %load/vec4 v0x5627bf17f990_0;
    %flag_set/vec4 8;
    %jmp/0xz  T_2.0, 8;
    %pushi/vec4 0, 0, 1;
    %assign/vec4 v0x5627bf142720_0, 0;
    %jmp T_2.1;
T_2.0 ;
    %load/vec4 v0x5627bf17fa50_0;
    %cmpi/e 3, 0, 2;
    %jmp/0xz  T_2.2, 4;
    %pushi/vec4 1, 0, 1;
    %assign/vec4 v0x5627bf142720_0, 0;
    %jmp T_2.3;
T_2.2 ;
    %pushi/vec4 0, 0, 1;
    %assign/vec4 v0x5627bf142720_0, 0;
T_2.3 ;
T_2.1 ;
    %jmp T_2;
    .thread T_2;
    .scope S_0x5627bf168660;
T_3 ;
    %pushi/vec4 0, 0, 1;
    %store/vec4 v0x5627bf17fc00_0, 0, 1;
    %pushi/vec4 0, 0, 1;
    %store/vec4 v0x5627bf17ff30_0, 0, 1;
    %pushi/vec4 0, 0, 1;
    %store/vec4 v0x5627bf17fe90_0, 0, 1;
    %end;
    .thread T_3;
    .scope S_0x5627bf168660;
T_4 ;
    %pushi/vec4 1, 0, 1;
    %store/vec4 v0x5627bf17ff30_0, 0, 1;
    %delay 1500, 0;
    %pushi/vec4 0, 0, 1;
    %store/vec4 v0x5627bf17ff30_0, 0, 1;
    %end;
    .thread T_4;
    .scope S_0x5627bf168660;
T_5 ;
    %delay 1000, 0;
    %load/vec4 v0x5627bf17fc00_0;
    %inv;
    %store/vec4 v0x5627bf17fc00_0, 0, 1;
    %jmp T_5;
    .thread T_5;
    .scope S_0x5627bf168660;
T_6 ;
    %delay 2000, 0;
    %pushi/vec4 1, 0, 1;
    %store/vec4 v0x5627bf17fe90_0, 0, 1;
    %delay 2000, 0;
    %pushi/vec4 1, 0, 1;
    %store/vec4 v0x5627bf17fe90_0, 0, 1;
    %delay 2000, 0;
    %pushi/vec4 1, 0, 1;
    %store/vec4 v0x5627bf17fe90_0, 0, 1;
    %delay 2000, 0;
    %pushi/vec4 1, 0, 1;
    %store/vec4 v0x5627bf17fe90_0, 0, 1;
    %delay 2000, 0;
    %pushi/vec4 1, 0, 1;
    %store/vec4 v0x5627bf17fe90_0, 0, 1;
    %delay 2000, 0;
    %pushi/vec4 1, 0, 1;
    %store/vec4 v0x5627bf17fe90_0, 0, 1;
    %delay 2000, 0;
    %pushi/vec4 1, 0, 1;
    %store/vec4 v0x5627bf17fe90_0, 0, 1;
    %delay 2000, 0;
    %pushi/vec4 1, 0, 1;
    %store/vec4 v0x5627bf17fe90_0, 0, 1;
    %delay 2000, 0;
    %pushi/vec4 1, 0, 1;
    %store/vec4 v0x5627bf17fe90_0, 0, 1;
    %delay 2000, 0;
    %pushi/vec4 1, 0, 1;
    %store/vec4 v0x5627bf17fe90_0, 0, 1;
    %delay 2000, 0;
    %pushi/vec4 1, 0, 1;
    %store/vec4 v0x5627bf17fe90_0, 0, 1;
    %delay 2000, 0;
    %pushi/vec4 1, 0, 1;
    %store/vec4 v0x5627bf17fe90_0, 0, 1;
    %delay 2000, 0;
    %pushi/vec4 1, 0, 1;
    %store/vec4 v0x5627bf17fe90_0, 0, 1;
    %delay 2000, 0;
    %pushi/vec4 1, 0, 1;
    %store/vec4 v0x5627bf17fe90_0, 0, 1;
    %delay 2000, 0;
    %pushi/vec4 1, 0, 1;
    %store/vec4 v0x5627bf17fe90_0, 0, 1;
    %delay 2000, 0;
    %pushi/vec4 1, 0, 1;
    %store/vec4 v0x5627bf17fe90_0, 0, 1;
    %delay 2000, 0;
    %pushi/vec4 1, 0, 1;
    %store/vec4 v0x5627bf17fe90_0, 0, 1;
    %delay 2000, 0;
    %pushi/vec4 1, 0, 1;
    %store/vec4 v0x5627bf17fe90_0, 0, 1;
    %jmp T_6;
    .thread T_6;
    .scope S_0x5627bf168660;
T_7 ;
    %vpi_call 2 52 "$dumpfile", "v.vcd" {0 0 0};
    %vpi_call 2 53 "$dumpvars" {0 0 0};
    %end;
    .thread T_7;
# The file index is used to find the file name in the following table.
:file_names 4;
    "N/A";
    "<interactive>";
    "tb.v";
    "state_Machine1.v";
