#! /usr/bin/vvp
:ivl_version "10.3 (stable)";
:ivl_delay_selection "TYPICAL";
:vpi_time_precision - 12;
:vpi_module "system";
:vpi_module "vhdl_sys";
:vpi_module "v2005_math";
:vpi_module "va_math";
S_0x56267fa6b8a0 .scope module, "top" "top" 2 2;
 .timescale -9 -12;
v0x56267fa85e60_0 .var "clk", 0 0;
v0x56267fa85f20_0 .net "led_a", 0 0, v0x56267fa85630_0;  1 drivers
v0x56267fa85ff0_0 .net "led_b", 0 0, v0x56267fa856d0_0;  1 drivers
v0x56267fa860f0_0 .net "led_c", 0 0, v0x56267fa85790_0;  1 drivers
v0x56267fa861c0_0 .net "led_d", 0 0, v0x56267fa858a0_0;  1 drivers
v0x56267fa86260_0 .net "led_e", 0 0, v0x56267fa85960_0;  1 drivers
v0x56267fa86330_0 .net "led_f", 0 0, v0x56267fa85a20_0;  1 drivers
v0x56267fa86400_0 .net "led_g", 0 0, v0x56267fa85ae0_0;  1 drivers
v0x56267fa864d0_0 .var "rst", 0 0;
S_0x56267fa6ba20 .scope module, "b" "led_1_4" 2 14, 3 1 0, S_0x56267fa6b8a0;
 .timescale 0 0;
    .port_info 0 /INPUT 1 "clk"
    .port_info 1 /INPUT 1 "rst"
    .port_info 2 /OUTPUT 1 "led_a"
    .port_info 3 /OUTPUT 1 "led_b"
    .port_info 4 /OUTPUT 1 "led_c"
    .port_info 5 /OUTPUT 1 "led_d"
    .port_info 6 /OUTPUT 1 "led_e"
    .port_info 7 /OUTPUT 1 "led_f"
    .port_info 8 /OUTPUT 1 "led_g"
v0x56267fa3bb70_0 .net "clk", 0 0, v0x56267fa85e60_0;  1 drivers
v0x56267fa85550_0 .var "cnt", 24 0;
v0x56267fa85630_0 .var "led_a", 0 0;
v0x56267fa856d0_0 .var "led_b", 0 0;
v0x56267fa85790_0 .var "led_c", 0 0;
v0x56267fa858a0_0 .var "led_d", 0 0;
v0x56267fa85960_0 .var "led_e", 0 0;
v0x56267fa85a20_0 .var "led_f", 0 0;
v0x56267fa85ae0_0 .var "led_g", 0 0;
v0x56267fa85ba0_0 .net "rst", 0 0, v0x56267fa864d0_0;  1 drivers
v0x56267fa85c60_0 .var "state", 3 0;
E_0x56267fa5e080 .event posedge, v0x56267fa3bb70_0;
    .scope S_0x56267fa6ba20;
T_0 ;
    %wait E_0x56267fa5e080;
    %load/vec4 v0x56267fa85550_0;
    %cmpi/e 1125000, 0, 25;
    %jmp/0xz  T_0.0, 4;
    %pushi/vec4 0, 0, 25;
    %assign/vec4 v0x56267fa85550_0, 0;
    %load/vec4 v0x56267fa85c60_0;
    %addi 1, 0, 4;
    %assign/vec4 v0x56267fa85c60_0, 0;
    %jmp T_0.1;
T_0.0 ;
    %load/vec4 v0x56267fa85c60_0;
    %cmpi/e 10, 0, 4;
    %jmp/0xz  T_0.2, 4;
    %pushi/vec4 0, 0, 4;
    %assign/vec4 v0x56267fa85c60_0, 0;
    %jmp T_0.3;
T_0.2 ;
    %load/vec4 v0x56267fa85550_0;
    %addi 1, 0, 25;
    %assign/vec4 v0x56267fa85550_0, 0;
T_0.3 ;
T_0.1 ;
    %jmp T_0;
    .thread T_0;
    .scope S_0x56267fa6ba20;
T_1 ;
    %wait E_0x56267fa5e080;
    %load/vec4 v0x56267fa85ba0_0;
    %flag_set/vec4 8;
    %jmp/0xz  T_1.0, 8;
    %pushi/vec4 0, 0, 1;
    %assign/vec4 v0x56267fa85630_0, 0;
    %pushi/vec4 0, 0, 1;
    %assign/vec4 v0x56267fa856d0_0, 0;
    %pushi/vec4 0, 0, 1;
    %assign/vec4 v0x56267fa85790_0, 0;
    %pushi/vec4 0, 0, 1;
    %assign/vec4 v0x56267fa858a0_0, 0;
    %pushi/vec4 0, 0, 1;
    %assign/vec4 v0x56267fa85960_0, 0;
    %pushi/vec4 0, 0, 1;
    %assign/vec4 v0x56267fa85a20_0, 0;
    %pushi/vec4 0, 0, 1;
    %assign/vec4 v0x56267fa85ae0_0, 0;
    %pushi/vec4 0, 0, 4;
    %assign/vec4 v0x56267fa85c60_0, 0;
    %pushi/vec4 0, 0, 25;
    %assign/vec4 v0x56267fa85550_0, 0;
    %jmp T_1.1;
T_1.0 ;
    %load/vec4 v0x56267fa85c60_0;
    %dup/vec4;
    %pushi/vec4 0, 0, 4;
    %cmp/u;
    %jmp/1 T_1.2, 6;
    %dup/vec4;
    %pushi/vec4 1, 0, 4;
    %cmp/u;
    %jmp/1 T_1.3, 6;
    %dup/vec4;
    %pushi/vec4 2, 0, 4;
    %cmp/u;
    %jmp/1 T_1.4, 6;
    %dup/vec4;
    %pushi/vec4 3, 0, 4;
    %cmp/u;
    %jmp/1 T_1.5, 6;
    %dup/vec4;
    %pushi/vec4 4, 0, 4;
    %cmp/u;
    %jmp/1 T_1.6, 6;
    %dup/vec4;
    %pushi/vec4 5, 0, 4;
    %cmp/u;
    %jmp/1 T_1.7, 6;
    %dup/vec4;
    %pushi/vec4 6, 0, 4;
    %cmp/u;
    %jmp/1 T_1.8, 6;
    %dup/vec4;
    %pushi/vec4 7, 0, 4;
    %cmp/u;
    %jmp/1 T_1.9, 6;
    %dup/vec4;
    %pushi/vec4 8, 0, 4;
    %cmp/u;
    %jmp/1 T_1.10, 6;
    %dup/vec4;
    %pushi/vec4 9, 0, 4;
    %cmp/u;
    %jmp/1 T_1.11, 6;
    %pushi/vec4 1, 0, 1;
    %assign/vec4 v0x56267fa85630_0, 0;
    %pushi/vec4 1, 0, 1;
    %assign/vec4 v0x56267fa856d0_0, 0;
    %pushi/vec4 1, 0, 1;
    %assign/vec4 v0x56267fa85790_0, 0;
    %pushi/vec4 1, 0, 1;
    %assign/vec4 v0x56267fa858a0_0, 0;
    %pushi/vec4 1, 0, 1;
    %assign/vec4 v0x56267fa85960_0, 0;
    %pushi/vec4 1, 0, 1;
    %assign/vec4 v0x56267fa85a20_0, 0;
    %pushi/vec4 1, 0, 1;
    %assign/vec4 v0x56267fa85ae0_0, 0;
    %jmp T_1.13;
T_1.2 ;
    %pushi/vec4 0, 0, 1;
    %assign/vec4 v0x56267fa85630_0, 0;
    %pushi/vec4 0, 0, 1;
    %assign/vec4 v0x56267fa856d0_0, 0;
    %pushi/vec4 0, 0, 1;
    %assign/vec4 v0x56267fa85790_0, 0;
    %pushi/vec4 0, 0, 1;
    %assign/vec4 v0x56267fa858a0_0, 0;
    %pushi/vec4 0, 0, 1;
    %assign/vec4 v0x56267fa85960_0, 0;
    %pushi/vec4 0, 0, 1;
    %assign/vec4 v0x56267fa85a20_0, 0;
    %pushi/vec4 1, 0, 1;
    %assign/vec4 v0x56267fa85ae0_0, 0;
    %jmp T_1.13;
T_1.3 ;
    %pushi/vec4 1, 0, 1;
    %assign/vec4 v0x56267fa85630_0, 0;
    %pushi/vec4 0, 0, 1;
    %assign/vec4 v0x56267fa856d0_0, 0;
    %pushi/vec4 0, 0, 1;
    %assign/vec4 v0x56267fa85790_0, 0;
    %pushi/vec4 1, 0, 1;
    %assign/vec4 v0x56267fa858a0_0, 0;
    %pushi/vec4 1, 0, 1;
    %assign/vec4 v0x56267fa85960_0, 0;
    %pushi/vec4 1, 0, 1;
    %assign/vec4 v0x56267fa85a20_0, 0;
    %pushi/vec4 1, 0, 1;
    %assign/vec4 v0x56267fa85ae0_0, 0;
    %jmp T_1.13;
T_1.4 ;
    %pushi/vec4 0, 0, 1;
    %assign/vec4 v0x56267fa85630_0, 0;
    %pushi/vec4 0, 0, 1;
    %assign/vec4 v0x56267fa856d0_0, 0;
    %pushi/vec4 1, 0, 1;
    %assign/vec4 v0x56267fa85790_0, 0;
    %pushi/vec4 0, 0, 1;
    %assign/vec4 v0x56267fa858a0_0, 0;
    %pushi/vec4 0, 0, 1;
    %assign/vec4 v0x56267fa85960_0, 0;
    %pushi/vec4 1, 0, 1;
    %assign/vec4 v0x56267fa85a20_0, 0;
    %pushi/vec4 0, 0, 1;
    %assign/vec4 v0x56267fa85ae0_0, 0;
    %jmp T_1.13;
T_1.5 ;
    %pushi/vec4 0, 0, 1;
    %assign/vec4 v0x56267fa85630_0, 0;
    %pushi/vec4 0, 0, 1;
    %assign/vec4 v0x56267fa856d0_0, 0;
    %pushi/vec4 0, 0, 1;
    %assign/vec4 v0x56267fa85790_0, 0;
    %pushi/vec4 0, 0, 1;
    %assign/vec4 v0x56267fa858a0_0, 0;
    %pushi/vec4 1, 0, 1;
    %assign/vec4 v0x56267fa85960_0, 0;
    %pushi/vec4 1, 0, 1;
    %assign/vec4 v0x56267fa85a20_0, 0;
    %pushi/vec4 0, 0, 1;
    %assign/vec4 v0x56267fa85ae0_0, 0;
    %jmp T_1.13;
T_1.6 ;
    %pushi/vec4 1, 0, 1;
    %assign/vec4 v0x56267fa85630_0, 0;
    %pushi/vec4 0, 0, 1;
    %assign/vec4 v0x56267fa856d0_0, 0;
    %pushi/vec4 0, 0, 1;
    %assign/vec4 v0x56267fa85790_0, 0;
    %pushi/vec4 1, 0, 1;
    %assign/vec4 v0x56267fa858a0_0, 0;
    %pushi/vec4 1, 0, 1;
    %assign/vec4 v0x56267fa85960_0, 0;
    %pushi/vec4 0, 0, 1;
    %assign/vec4 v0x56267fa85a20_0, 0;
    %pushi/vec4 0, 0, 1;
    %assign/vec4 v0x56267fa85ae0_0, 0;
    %jmp T_1.13;
T_1.7 ;
    %pushi/vec4 0, 0, 1;
    %assign/vec4 v0x56267fa85630_0, 0;
    %pushi/vec4 1, 0, 1;
    %assign/vec4 v0x56267fa856d0_0, 0;
    %pushi/vec4 0, 0, 1;
    %assign/vec4 v0x56267fa85790_0, 0;
    %pushi/vec4 0, 0, 1;
    %assign/vec4 v0x56267fa858a0_0, 0;
    %pushi/vec4 1, 0, 1;
    %assign/vec4 v0x56267fa85960_0, 0;
    %pushi/vec4 0, 0, 1;
    %assign/vec4 v0x56267fa85a20_0, 0;
    %pushi/vec4 0, 0, 1;
    %assign/vec4 v0x56267fa85ae0_0, 0;
    %jmp T_1.13;
T_1.8 ;
    %pushi/vec4 1, 0, 1;
    %assign/vec4 v0x56267fa85630_0, 0;
    %pushi/vec4 1, 0, 1;
    %assign/vec4 v0x56267fa856d0_0, 0;
    %pushi/vec4 0, 0, 1;
    %assign/vec4 v0x56267fa85790_0, 0;
    %pushi/vec4 0, 0, 1;
    %assign/vec4 v0x56267fa858a0_0, 0;
    %pushi/vec4 0, 0, 1;
    %assign/vec4 v0x56267fa85960_0, 0;
    %pushi/vec4 0, 0, 1;
    %assign/vec4 v0x56267fa85a20_0, 0;
    %pushi/vec4 0, 0, 1;
    %assign/vec4 v0x56267fa85ae0_0, 0;
    %jmp T_1.13;
T_1.9 ;
    %pushi/vec4 0, 0, 1;
    %assign/vec4 v0x56267fa85630_0, 0;
    %pushi/vec4 0, 0, 1;
    %assign/vec4 v0x56267fa856d0_0, 0;
    %pushi/vec4 0, 0, 1;
    %assign/vec4 v0x56267fa85790_0, 0;
    %pushi/vec4 1, 0, 1;
    %assign/vec4 v0x56267fa858a0_0, 0;
    %pushi/vec4 1, 0, 1;
    %assign/vec4 v0x56267fa85960_0, 0;
    %pushi/vec4 1, 0, 1;
    %assign/vec4 v0x56267fa85a20_0, 0;
    %pushi/vec4 1, 0, 1;
    %assign/vec4 v0x56267fa85ae0_0, 0;
    %jmp T_1.13;
T_1.10 ;
    %pushi/vec4 0, 0, 1;
    %assign/vec4 v0x56267fa85630_0, 0;
    %pushi/vec4 0, 0, 1;
    %assign/vec4 v0x56267fa856d0_0, 0;
    %pushi/vec4 0, 0, 1;
    %assign/vec4 v0x56267fa85790_0, 0;
    %pushi/vec4 0, 0, 1;
    %assign/vec4 v0x56267fa858a0_0, 0;
    %pushi/vec4 0, 0, 1;
    %assign/vec4 v0x56267fa85960_0, 0;
    %pushi/vec4 0, 0, 1;
    %assign/vec4 v0x56267fa85a20_0, 0;
    %pushi/vec4 0, 0, 1;
    %assign/vec4 v0x56267fa85ae0_0, 0;
    %jmp T_1.13;
T_1.11 ;
    %pushi/vec4 0, 0, 1;
    %assign/vec4 v0x56267fa85630_0, 0;
    %pushi/vec4 0, 0, 1;
    %assign/vec4 v0x56267fa856d0_0, 0;
    %pushi/vec4 0, 0, 1;
    %assign/vec4 v0x56267fa85790_0, 0;
    %pushi/vec4 1, 0, 1;
    %assign/vec4 v0x56267fa858a0_0, 0;
    %pushi/vec4 1, 0, 1;
    %assign/vec4 v0x56267fa85960_0, 0;
    %pushi/vec4 0, 0, 1;
    %assign/vec4 v0x56267fa85a20_0, 0;
    %pushi/vec4 0, 0, 1;
    %assign/vec4 v0x56267fa85ae0_0, 0;
    %jmp T_1.13;
T_1.13 ;
    %pop/vec4 1;
T_1.1 ;
    %jmp T_1;
    .thread T_1;
    .scope S_0x56267fa6b8a0;
T_2 ;
    %vpi_call 2 17 "$dumpfile", "v.vcd" {0 0 0};
    %vpi_call 2 18 "$dumpvars" {0 0 0};
    %end;
    .thread T_2;
    .scope S_0x56267fa6b8a0;
T_3 ;
    %pushi/vec4 0, 0, 1;
    %store/vec4 v0x56267fa85e60_0, 0, 1;
    %pushi/vec4 0, 0, 1;
    %store/vec4 v0x56267fa864d0_0, 0, 1;
    %end;
    .thread T_3;
    .scope S_0x56267fa6b8a0;
T_4 ;
    %delay 1000, 0;
    %load/vec4 v0x56267fa85e60_0;
    %inv;
    %store/vec4 v0x56267fa85e60_0, 0, 1;
    %jmp T_4;
    .thread T_4;
    .scope S_0x56267fa6b8a0;
T_5 ;
    %delay 10000, 0;
    %vpi_call 2 30 "$display", "%d %d %d %d %d %d %d", v0x56267fa85f20_0, v0x56267fa85ff0_0, v0x56267fa860f0_0, v0x56267fa861c0_0, v0x56267fa86260_0, v0x56267fa86330_0, v0x56267fa86400_0 {0 0 0};
    %vpi_call 2 31 "$finish" {0 0 0};
    %end;
    .thread T_5;
# The file index is used to find the file name in the following table.
:file_names 4;
    "N/A";
    "<interactive>";
    "tb.v";
    "led_a_g.v";
