#! /usr/bin/vvp
:ivl_version "10.3 (stable)";
:ivl_delay_selection "TYPICAL";
:vpi_time_precision - 12;
:vpi_module "system";
:vpi_module "vhdl_sys";
:vpi_module "v2005_math";
:vpi_module "va_math";
S_0x565366aacbd0 .scope module, "top" "top" 2 2;
 .timescale -9 -12;
v0x565366ac54a0_0 .var "clk", 0 0;
v0x565366ac5560_0 .net "led_1", 0 0, v0x565366ac4f10_0;  1 drivers
v0x565366ac5630_0 .net "led_2", 0 0, v0x565366ac4fb0_0;  1 drivers
v0x565366ac5730_0 .net "led_3", 0 0, v0x565366ac5070_0;  1 drivers
v0x565366ac5800_0 .net "led_4", 0 0, v0x565366ac5180_0;  1 drivers
v0x565366ac58f0_0 .var "rst", 0 0;
S_0x565366aacd50 .scope module, "b" "led_1_4" 2 11, 3 1 0, S_0x565366aacbd0;
 .timescale 0 0;
    .port_info 0 /INPUT 1 "clk"
    .port_info 1 /INPUT 1 "rst"
    .port_info 2 /OUTPUT 1 "led_1"
    .port_info 3 /OUTPUT 1 "led_2"
    .port_info 4 /OUTPUT 1 "led_3"
    .port_info 5 /OUTPUT 1 "led_4"
v0x565366a72030_0 .net "clk", 0 0, v0x565366ac54a0_0;  1 drivers
v0x565366ac4e30_0 .var "cnt", 24 0;
v0x565366ac4f10_0 .var "led_1", 0 0;
v0x565366ac4fb0_0 .var "led_2", 0 0;
v0x565366ac5070_0 .var "led_3", 0 0;
v0x565366ac5180_0 .var "led_4", 0 0;
v0x565366ac5240_0 .net "rst", 0 0, v0x565366ac58f0_0;  1 drivers
v0x565366ac5300_0 .var "state", 1 0;
E_0x565366aa7b10 .event posedge, v0x565366a72030_0;
    .scope S_0x565366aacd50;
T_0 ;
    %wait E_0x565366aa7b10;
    %load/vec4 v0x565366ac4e30_0;
    %cmpi/e 2500000, 0, 25;
    %jmp/0xz  T_0.0, 4;
    %pushi/vec4 0, 0, 25;
    %assign/vec4 v0x565366ac4e30_0, 0;
    %load/vec4 v0x565366ac5300_0;
    %addi 1, 0, 2;
    %assign/vec4 v0x565366ac5300_0, 0;
    %jmp T_0.1;
T_0.0 ;
    %load/vec4 v0x565366ac4e30_0;
    %addi 1, 0, 25;
    %assign/vec4 v0x565366ac4e30_0, 0;
T_0.1 ;
    %jmp T_0;
    .thread T_0;
    .scope S_0x565366aacd50;
T_1 ;
    %wait E_0x565366aa7b10;
    %load/vec4 v0x565366ac5240_0;
    %flag_set/vec4 8;
    %jmp/0xz  T_1.0, 8;
    %pushi/vec4 0, 0, 1;
    %assign/vec4 v0x565366ac4f10_0, 0;
    %pushi/vec4 0, 0, 1;
    %assign/vec4 v0x565366ac4fb0_0, 0;
    %pushi/vec4 0, 0, 1;
    %assign/vec4 v0x565366ac5070_0, 0;
    %pushi/vec4 0, 0, 1;
    %assign/vec4 v0x565366ac5180_0, 0;
    %jmp T_1.1;
T_1.0 ;
    %load/vec4 v0x565366ac5300_0;
    %dup/vec4;
    %pushi/vec4 0, 0, 2;
    %cmp/u;
    %jmp/1 T_1.2, 6;
    %dup/vec4;
    %pushi/vec4 1, 0, 2;
    %cmp/u;
    %jmp/1 T_1.3, 6;
    %dup/vec4;
    %pushi/vec4 2, 0, 2;
    %cmp/u;
    %jmp/1 T_1.4, 6;
    %dup/vec4;
    %pushi/vec4 3, 0, 2;
    %cmp/u;
    %jmp/1 T_1.5, 6;
    %pushi/vec4 0, 0, 2;
    %assign/vec4 v0x565366ac5300_0, 0;
    %jmp T_1.7;
T_1.2 ;
    %pushi/vec4 1, 0, 1;
    %assign/vec4 v0x565366ac4f10_0, 0;
    %pushi/vec4 0, 0, 1;
    %assign/vec4 v0x565366ac4fb0_0, 0;
    %pushi/vec4 0, 0, 1;
    %assign/vec4 v0x565366ac5070_0, 0;
    %pushi/vec4 0, 0, 1;
    %assign/vec4 v0x565366ac5180_0, 0;
    %jmp T_1.7;
T_1.3 ;
    %pushi/vec4 0, 0, 1;
    %assign/vec4 v0x565366ac4f10_0, 0;
    %pushi/vec4 1, 0, 1;
    %assign/vec4 v0x565366ac4fb0_0, 0;
    %pushi/vec4 0, 0, 1;
    %assign/vec4 v0x565366ac5070_0, 0;
    %pushi/vec4 0, 0, 1;
    %assign/vec4 v0x565366ac5180_0, 0;
    %jmp T_1.7;
T_1.4 ;
    %pushi/vec4 0, 0, 1;
    %assign/vec4 v0x565366ac4f10_0, 0;
    %pushi/vec4 0, 0, 1;
    %assign/vec4 v0x565366ac4fb0_0, 0;
    %pushi/vec4 1, 0, 1;
    %assign/vec4 v0x565366ac5070_0, 0;
    %pushi/vec4 0, 0, 1;
    %assign/vec4 v0x565366ac5180_0, 0;
    %jmp T_1.7;
T_1.5 ;
    %pushi/vec4 0, 0, 1;
    %assign/vec4 v0x565366ac4f10_0, 0;
    %pushi/vec4 0, 0, 1;
    %assign/vec4 v0x565366ac4fb0_0, 0;
    %pushi/vec4 0, 0, 1;
    %assign/vec4 v0x565366ac5070_0, 0;
    %pushi/vec4 1, 0, 1;
    %assign/vec4 v0x565366ac5180_0, 0;
    %jmp T_1.7;
T_1.7 ;
    %pop/vec4 1;
T_1.1 ;
    %jmp T_1;
    .thread T_1;
    .scope S_0x565366aacbd0;
T_2 ;
    %vpi_call 2 14 "$dumpfile", "v.vcd" {0 0 0};
    %vpi_call 2 15 "$dumpvars" {0 0 0};
    %end;
    .thread T_2;
    .scope S_0x565366aacbd0;
T_3 ;
    %pushi/vec4 0, 0, 1;
    %store/vec4 v0x565366ac54a0_0, 0, 1;
    %pushi/vec4 0, 0, 1;
    %store/vec4 v0x565366ac58f0_0, 0, 1;
    %end;
    .thread T_3;
    .scope S_0x565366aacbd0;
T_4 ;
    %delay 1000, 0;
    %load/vec4 v0x565366ac54a0_0;
    %inv;
    %store/vec4 v0x565366ac54a0_0, 0, 1;
    %jmp T_4;
    .thread T_4;
    .scope S_0x565366aacbd0;
T_5 ;
    %delay 3567587328, 232;
    %vpi_call 2 27 "$display", "%d %d %d %d", v0x565366ac5560_0, v0x565366ac5630_0, v0x565366ac5730_0, v0x565366ac5800_0 {0 0 0};
    %delay 3567587328, 232;
    %vpi_call 2 29 "$display", "%d %d %d %d", v0x565366ac5560_0, v0x565366ac5630_0, v0x565366ac5730_0, v0x565366ac5800_0 {0 0 0};
    %delay 3567587328, 232;
    %vpi_call 2 31 "$display", "%d %d %d %d", v0x565366ac5560_0, v0x565366ac5630_0, v0x565366ac5730_0, v0x565366ac5800_0 {0 0 0};
    %delay 3567587328, 232;
    %vpi_call 2 33 "$display", "%d %d %d %d", v0x565366ac5560_0, v0x565366ac5630_0, v0x565366ac5730_0, v0x565366ac5800_0 {0 0 0};
    %delay 3567587328, 232;
    %vpi_call 2 35 "$display", "%d %d %d %d", v0x565366ac5560_0, v0x565366ac5630_0, v0x565366ac5730_0, v0x565366ac5800_0 {0 0 0};
    %delay 3567587328, 232;
    %vpi_call 2 37 "$display", "%d %d %d %d", v0x565366ac5560_0, v0x565366ac5630_0, v0x565366ac5730_0, v0x565366ac5800_0 {0 0 0};
    %delay 3567587328, 232;
    %vpi_call 2 39 "$display", "%d %d %d %d", v0x565366ac5560_0, v0x565366ac5630_0, v0x565366ac5730_0, v0x565366ac5800_0 {0 0 0};
    %delay 3567587328, 232;
    %vpi_call 2 41 "$display", "%d %d %d %d", v0x565366ac5560_0, v0x565366ac5630_0, v0x565366ac5730_0, v0x565366ac5800_0 {0 0 0};
    %delay 3567587328, 232;
    %vpi_call 2 43 "$display", "%d %d %d %d", v0x565366ac5560_0, v0x565366ac5630_0, v0x565366ac5730_0, v0x565366ac5800_0 {0 0 0};
    %vpi_call 2 44 "$finish" {0 0 0};
    %end;
    .thread T_5;
# The file index is used to find the file name in the following table.
:file_names 4;
    "N/A";
    "<interactive>";
    "tb.v";
    "led_1_4.v";
