#! /usr/bin/vvp
:ivl_version "10.3 (stable)";
:ivl_delay_selection "TYPICAL";
:vpi_time_precision + 0;
:vpi_module "system";
:vpi_module "vhdl_sys";
:vpi_module "v2005_math";
:vpi_module "va_math";
S_0x564c0d780100 .scope module, "statek_mashine" "statek_mashine" 2 2;
 .timescale 0 0;
    .port_info 0 /INPUT 1 "clk"
    .port_info 1 /INPUT 1 "rst"
    .port_info 2 /INPUT 1 "button"
    .port_info 3 /INPUT 1 "we"
    .port_info 4 /OUTPUT 1 "led_1"
    .port_info 5 /OUTPUT 1 "led_2"
    .port_info 6 /OUTPUT 1 "led_3"
    .port_info 7 /OUTPUT 1 "led_4"
o0x7f28664cf018 .functor BUFZ 1, C4<z>; HiZ drive
v0x564c0d792110_0 .net "button", 0 0, o0x7f28664cf018;  0 drivers
o0x7f28664cf048 .functor BUFZ 1, C4<z>; HiZ drive
v0x564c0d7ca6f0_0 .net "clk", 0 0, o0x7f28664cf048;  0 drivers
v0x564c0d7ca7b0_0 .var "led_1", 0 0;
v0x564c0d7ca850_0 .var "led_2", 0 0;
v0x564c0d7ca910_0 .var "led_3", 0 0;
v0x564c0d7caa20_0 .var "led_4", 0 0;
o0x7f28664cf138 .functor BUFZ 1, C4<z>; HiZ drive
v0x564c0d7caae0_0 .net "rst", 0 0, o0x7f28664cf138;  0 drivers
v0x564c0d7caba0_0 .var "state", 1 0;
o0x7f28664cf198 .functor BUFZ 1, C4<z>; HiZ drive
v0x564c0d7cac80_0 .net "we", 0 0, o0x7f28664cf198;  0 drivers
E_0x564c0d7b5f20 .event posedge, v0x564c0d7ca6f0_0;
    .scope S_0x564c0d780100;
T_0 ;
    %wait E_0x564c0d7b5f20;
    %load/vec4 v0x564c0d7cac80_0;
    %load/vec4 v0x564c0d792110_0;
    %and;
    %pad/u 32;
    %cmpi/e 1, 0, 32;
    %jmp/0xz  T_0.0, 4;
    %load/vec4 v0x564c0d7caba0_0;
    %addi 1, 0, 2;
    %assign/vec4 v0x564c0d7caba0_0, 0;
    %jmp T_0.1;
T_0.0 ;
    %load/vec4 v0x564c0d7caba0_0;
    %assign/vec4 v0x564c0d7caba0_0, 0;
T_0.1 ;
    %jmp T_0;
    .thread T_0;
    .scope S_0x564c0d780100;
T_1 ;
    %wait E_0x564c0d7b5f20;
    %load/vec4 v0x564c0d7caae0_0;
    %flag_set/vec4 8;
    %jmp/0xz  T_1.0, 8;
    %pushi/vec4 0, 0, 1;
    %assign/vec4 v0x564c0d7ca7b0_0, 0;
    %pushi/vec4 0, 0, 1;
    %assign/vec4 v0x564c0d7ca850_0, 0;
    %pushi/vec4 0, 0, 1;
    %assign/vec4 v0x564c0d7ca910_0, 0;
    %pushi/vec4 0, 0, 1;
    %assign/vec4 v0x564c0d7caa20_0, 0;
    %jmp T_1.1;
T_1.0 ;
    %load/vec4 v0x564c0d7caba0_0;
    %dup/vec4;
    %pushi/vec4 0, 0, 2;
    %cmp/u;
    %jmp/1 T_1.2, 6;
    %dup/vec4;
    %pushi/vec4 1, 0, 2;
    %cmp/u;
    %jmp/1 T_1.3, 6;
    %dup/vec4;
    %pushi/vec4 2, 0, 2;
    %cmp/u;
    %jmp/1 T_1.4, 6;
    %dup/vec4;
    %pushi/vec4 3, 0, 2;
    %cmp/u;
    %jmp/1 T_1.5, 6;
    %pushi/vec4 0, 0, 1;
    %assign/vec4 v0x564c0d7ca7b0_0, 0;
    %pushi/vec4 0, 0, 1;
    %assign/vec4 v0x564c0d7ca850_0, 0;
    %pushi/vec4 0, 0, 1;
    %assign/vec4 v0x564c0d7ca910_0, 0;
    %pushi/vec4 1, 0, 1;
    %assign/vec4 v0x564c0d7caa20_0, 0;
    %jmp T_1.7;
T_1.2 ;
    %pushi/vec4 1, 0, 1;
    %assign/vec4 v0x564c0d7ca7b0_0, 0;
    %pushi/vec4 0, 0, 1;
    %assign/vec4 v0x564c0d7ca850_0, 0;
    %pushi/vec4 0, 0, 1;
    %assign/vec4 v0x564c0d7ca910_0, 0;
    %pushi/vec4 0, 0, 1;
    %assign/vec4 v0x564c0d7caa20_0, 0;
    %jmp T_1.7;
T_1.3 ;
    %pushi/vec4 0, 0, 1;
    %assign/vec4 v0x564c0d7ca7b0_0, 0;
    %pushi/vec4 1, 0, 1;
    %assign/vec4 v0x564c0d7ca850_0, 0;
    %pushi/vec4 0, 0, 1;
    %assign/vec4 v0x564c0d7ca910_0, 0;
    %pushi/vec4 0, 0, 1;
    %assign/vec4 v0x564c0d7caa20_0, 0;
    %jmp T_1.7;
T_1.4 ;
    %pushi/vec4 0, 0, 1;
    %assign/vec4 v0x564c0d7ca7b0_0, 0;
    %pushi/vec4 0, 0, 1;
    %assign/vec4 v0x564c0d7ca850_0, 0;
    %pushi/vec4 1, 0, 1;
    %assign/vec4 v0x564c0d7ca910_0, 0;
    %pushi/vec4 0, 0, 1;
    %assign/vec4 v0x564c0d7caa20_0, 0;
    %jmp T_1.7;
T_1.5 ;
    %pushi/vec4 0, 0, 1;
    %assign/vec4 v0x564c0d7ca7b0_0, 0;
    %pushi/vec4 0, 0, 1;
    %assign/vec4 v0x564c0d7ca850_0, 0;
    %pushi/vec4 0, 0, 1;
    %assign/vec4 v0x564c0d7ca910_0, 0;
    %pushi/vec4 1, 0, 1;
    %assign/vec4 v0x564c0d7caa20_0, 0;
    %jmp T_1.7;
T_1.7 ;
    %pop/vec4 1;
T_1.1 ;
    %jmp T_1;
    .thread T_1;
# The file index is used to find the file name in the following table.
:file_names 3;
    "N/A";
    "<interactive>";
    "stake_mashine.v";
