#! /usr/bin/vvp
:ivl_version "10.3 (stable)";
:ivl_delay_selection "TYPICAL";
:vpi_time_precision - 12;
:vpi_module "system";
:vpi_module "vhdl_sys";
:vpi_module "v2005_math";
:vpi_module "va_math";
S_0x55f8c5caf920 .scope module, "ram1_tb" "ram1_tb" 2 3;
 .timescale -9 -12;
P_0x55f8c5cafaa0 .param/l "ADDR_WIDTH" 0 2 4, +C4<00000000000000000000000000000100>;
P_0x55f8c5cafae0 .param/l "DATA_WIDTH" 0 2 5, +C4<00000000000000000000000000001000>;
P_0x55f8c5cafb20 .param/l "DEPTH" 1 2 6, +C4<000000000000000000000000000000010000>;
v0x55f8c5cc7670_0 .var "addr", 3 0;
v0x55f8c5cc7750_0 .var "clk", 0 0;
v0x55f8c5cc7820_0 .var/i "i", 31 0;
v0x55f8c5cc78f0_0 .var "i_data", 7 0;
v0x55f8c5cc79c0_0 .net "o_data", 7 0, L_0x55f8c5cafd70;  1 drivers
v0x55f8c5cc7a60_0 .var "we", 0 0;
S_0x55f8c5c78030 .scope module, "u1" "ram1" 2 15, 3 1 0, S_0x55f8c5caf920;
 .timescale 0 0;
    .port_info 0 /INPUT 1 "clk"
    .port_info 1 /INPUT 4 "addr"
    .port_info 2 /INPUT 8 "i_data"
    .port_info 3 /OUTPUT 8 "o_data"
    .port_info 4 /INPUT 1 "we"
P_0x55f8c5c781b0 .param/l "ADDR_WIDTH" 0 3 2, +C4<00000000000000000000000000000100>;
P_0x55f8c5c781f0 .param/l "DATA_WIDTH" 0 3 3, +C4<00000000000000000000000000001000>;
P_0x55f8c5c78230 .param/l "DEPTH" 1 3 13, +C4<000000000000000000000000000000010000>;
L_0x55f8c5cafd70 .functor BUFZ 8, L_0x55f8c5cc7b30, C4<00000000>, C4<00000000>, C4<00000000>;
v0x55f8c5c9df80_0 .net *"_s0", 7 0, L_0x55f8c5cc7b30;  1 drivers
v0x55f8c5c9e4c0_0 .net *"_s2", 5 0, L_0x55f8c5cc7c30;  1 drivers
L_0x7f7a38295018 .functor BUFT 1, C4<00>, C4<0>, C4<0>, C4<0>;
v0x55f8c5c9e300_0 .net *"_s5", 1 0, L_0x7f7a38295018;  1 drivers
v0x55f8c5c9e140_0 .net "addr", 3 0, v0x55f8c5cc7670_0;  1 drivers
v0x55f8c5c9dee0_0 .net "clk", 0 0, v0x55f8c5cc7750_0;  1 drivers
v0x55f8c5c9efc0_0 .net "i_data", 7 0, v0x55f8c5cc78f0_0;  1 drivers
v0x55f8c5c9ef20 .array "mem", 0 15, 7 0;
v0x55f8c5cc7430_0 .net "o_data", 7 0, L_0x55f8c5cafd70;  alias, 1 drivers
v0x55f8c5cc7510_0 .net "we", 0 0, v0x55f8c5cc7a60_0;  1 drivers
E_0x55f8c5cad5c0 .event posedge, v0x55f8c5c9dee0_0;
L_0x55f8c5cc7b30 .array/port v0x55f8c5c9ef20, L_0x55f8c5cc7c30;
L_0x55f8c5cc7c30 .concat [ 4 2 0 0], v0x55f8c5cc7670_0, L_0x7f7a38295018;
    .scope S_0x55f8c5c78030;
T_0 ;
    %wait E_0x55f8c5cad5c0;
    %load/vec4 v0x55f8c5cc7510_0;
    %flag_set/vec4 8;
    %jmp/0xz  T_0.0, 8;
    %load/vec4 v0x55f8c5c9efc0_0;
    %load/vec4 v0x55f8c5c9e140_0;
    %pad/u 6;
    %ix/vec4 4;
    %store/vec4a v0x55f8c5c9ef20, 4, 0;
T_0.0 ;
    %jmp T_0;
    .thread T_0;
    .scope S_0x55f8c5c78030;
T_1 ;
    %end;
    .thread T_1;
    .scope S_0x55f8c5caf920;
T_2 ;
    %vpi_call 2 25 "$dumpfile", "v.vcd" {0 0 0};
    %vpi_call 2 26 "$dumpvars" {0 0 0};
    %end;
    .thread T_2;
    .scope S_0x55f8c5caf920;
T_3 ;
    %delay 1000, 0;
    %load/vec4 v0x55f8c5cc7750_0;
    %inv;
    %store/vec4 v0x55f8c5cc7750_0, 0, 1;
    %jmp T_3;
    .thread T_3;
    .scope S_0x55f8c5caf920;
T_4 ;
    %pushi/vec4 0, 0, 14;
    %split/vec4 8;
    %store/vec4 v0x55f8c5cc78f0_0, 0, 8;
    %split/vec4 4;
    %store/vec4 v0x55f8c5cc7670_0, 0, 4;
    %split/vec4 1;
    %store/vec4 v0x55f8c5cc7a60_0, 0, 1;
    %store/vec4 v0x55f8c5cc7750_0, 0, 1;
    %pushi/vec4 2, 0, 32;
T_4.0 %dup/vec4;
    %pushi/vec4 0, 0, 32;
    %cmp/s;
    %jmp/1xz T_4.1, 5;
    %jmp/1 T_4.1, 4;
    %pushi/vec4 1, 0, 32;
    %sub;
    %wait E_0x55f8c5cad5c0;
    %jmp T_4.0;
T_4.1 ;
    %pop/vec4 1;
    %pushi/vec4 1, 0, 1;
    %store/vec4 v0x55f8c5cc7a60_0, 0, 1;
    %pushi/vec4 0, 0, 32;
    %store/vec4 v0x55f8c5cc7820_0, 0, 32;
T_4.2 ;
    %load/vec4 v0x55f8c5cc7820_0;
    %cmpi/s 65535, 0, 32;
    %jmp/0xz T_4.3, 5;
    %wait E_0x55f8c5cad5c0;
    %load/vec4 v0x55f8c5cc7820_0;
    %pad/s 4;
    %store/vec4 v0x55f8c5cc7670_0, 0, 4;
    %load/vec4 v0x55f8c5cc7820_0;
    %addi 10, 0, 32;
    %pad/s 8;
    %store/vec4 v0x55f8c5cc78f0_0, 0, 8;
    %load/vec4 v0x55f8c5cc7820_0;
    %addi 1, 0, 32;
    %store/vec4 v0x55f8c5cc7820_0, 0, 32;
    %jmp T_4.2;
T_4.3 ;
    %pushi/vec4 2, 0, 32;
T_4.4 %dup/vec4;
    %pushi/vec4 0, 0, 32;
    %cmp/s;
    %jmp/1xz T_4.5, 5;
    %jmp/1 T_4.5, 4;
    %pushi/vec4 1, 0, 32;
    %sub;
    %wait E_0x55f8c5cad5c0;
    %jmp T_4.4;
T_4.5 ;
    %pop/vec4 1;
    %pushi/vec4 0, 0, 1;
    %store/vec4 v0x55f8c5cc7a60_0, 0, 1;
    %pushi/vec4 2, 0, 32;
T_4.6 %dup/vec4;
    %pushi/vec4 0, 0, 32;
    %cmp/s;
    %jmp/1xz T_4.7, 5;
    %jmp/1 T_4.7, 4;
    %pushi/vec4 1, 0, 32;
    %sub;
    %wait E_0x55f8c5cad5c0;
    %jmp T_4.6;
T_4.7 ;
    %pop/vec4 1;
    %pushi/vec4 0, 0, 32;
    %store/vec4 v0x55f8c5cc7820_0, 0, 32;
T_4.8 ;
    %load/vec4 v0x55f8c5cc7820_0;
    %pad/s 36;
    %cmpi/s 15, 0, 36;
    %jmp/0xz T_4.9, 5;
    %wait E_0x55f8c5cad5c0;
    %load/vec4 v0x55f8c5cc7820_0;
    %pad/s 4;
    %store/vec4 v0x55f8c5cc7670_0, 0, 4;
    %load/vec4 v0x55f8c5cc7820_0;
    %addi 1, 0, 32;
    %store/vec4 v0x55f8c5cc7820_0, 0, 32;
    %jmp T_4.8;
T_4.9 ;
    %end;
    .thread T_4;
# The file index is used to find the file name in the following table.
:file_names 4;
    "N/A";
    "<interactive>";
    "tb.v";
    "ram.v";
